{"level":"info","message":"GET / 200 1748 - 7.870 ms"}
{"level":"info","message":"GET /favicon.ico 404 150 - 4.597 ms"}
{"level":"info","message":"GET / 304 - - 7.869 ms"}
{"level":"info","message":"GET /TM/ne-test/1/0/0/32/32 200 88 - 6.956 ms"}
{"level":"info","message":"GET /TM/ne-test/2/0/0/32/32 200 88 - 3.349 ms"}
{"level":"info","message":"GET /TM/ne-test/4/0/0/32/32 200 88 - 3.488 ms"}
{"level":"info","message":"GET /TM/ne-test2/4/0/0/32/32 404 40 - 4.333 ms"}
{"level":"info","message":"GET /TM/ne-test/4/0/0/32/32 304 - - 3.002 ms"}
{"level":"info","message":"GET /TM/ne-test/4/0/0/32/32 304 - - 15.484 ms"}
{"level":"info","message":"GET /TM/ne-test/4/0/0/32/32 304 - - 2.920 ms"}
{"level":"info","message":"GET /TM/ne-test/4/0/0/32/32 304 - - 2.759 ms"}
{"level":"info","message":"GET /TM/ne-test/4/0/0/32/32 304 - - 2.824 ms"}
{"level":"info","message":"GET /TM/ne-test/5/0/0/32/32 200 88 - 4.015 ms"}
{"level":"info","message":"GET /TM/ne-test/6/0/0/32/32 200 65 - 16.107 ms"}
{"level":"info","message":"GET /TM/ne-test/6/0/0/32/32 304 - - 5.017 ms"}
{"level":"info","message":"GET /TM/ne-test/6/0/0/32/32 304 - - 4.240 ms"}
{"level":"info","message":"GET /TM/ne-test/7/0/0/32/32 200 65 - 4.191 ms"}
{"level":"info","message":"GET /TM/ne-test/7/0/0/32/32 304 - - 16.822 ms"}
{"level":"info","message":"GET /TM/ne-test/4/0/0/32/32 200 2 - 11.726 ms"}
{"level":"info","message":"GET /TM/ne-test/4/0/0/32/32 304 - - 20.284 ms"}
{"level":"info","message":"GET /TM/ne-test/4/0/0/32/32 304 - - 8.217 ms"}
{"level":"info","message":"GET /TM/ne-test/4/0/0/32/32 304 - - 2.804 ms"}
{"level":"info","message":"GET /TM/ne-test/4/0/0/32/32 200 44 - 18.306 ms"}
{"level":"info","message":"GET /TM/ne-test/4/0/0/32/32 - - - - ms"}
{"level":"info","message":"GET /TM/ne-test/4/0/0/32/32 - - - - ms"}
{"level":"info","message":"GET /TM/ne-test/4/0/0/32/32 200 88 - 19.120 ms"}
{"level":"info","message":"GET /TM/ne-test/4/0/0/32/32 200 88 - 16.822 ms"}
{"level":"info","message":"GET /TM/ne-test/3/0/0/32/32 200 88 - 3.272 ms"}
{"level":"info","message":"GET /TM/ne-test/2/0/0/32/32 200 88 - 3.241 ms"}
{"level":"info","message":"GET /TM/ne-test/2/0/0/32/32 - - - - ms"}
{"level":"info","message":"GET /TM/ne-test/2/0/0/32/32 200 88 - 20.291 ms"}
{"level":"info","message":"GET /TM/ne-test/2/0/0/32/32 304 - - 3.693 ms"}
{"level":"info","message":"GET /TM/ne-test/3/0/0/32/32 304 - - 3.334 ms"}
{"level":"info","message":"GET /TM/ne-test/6/0/0/32/32 304 - - 3.681 ms"}
{"level":"info","message":"GET /TM/ne-test/5/0/0/32/32 200 88 - 3.484 ms"}
{"level":"info","message":"GET /TM/taro/5/0/0/32/32 404 36 - 5.268 ms"}
{"level":"info","message":"GET /TM/taro/9/0/0/32/32 404 36 - 4.387 ms"}
{"level":"info","message":"GET /TM/taro/9/0/0/32/32 200 88 - 16.080 ms"}
{"level":"info","message":"GET /TM/taro/9/0/0/32/32 304 - - 2.550 ms"}
{"level":"info","message":"GET /TM/taro/9/0/0/32/32 404 36 - 20.959 ms"}
{"level":"info","message":"GET /TM/taro/9/0/0/32/32 200 88 - 16.050 ms"}
{"level":"info","message":"GET /TM/taro/9/0/0/32/32 404 36 - 17.135 ms"}
{"level":"info","message":"GET /TM/ne-test/9/0/0/32/32 200 65 - 4.081 ms"}
{"level":"info","message":"GET /TM/ne-test/4/0/0/32/32 304 - - 3.560 ms"}
{"level":"info","message":"GET /TM/ne-test/4/0/0/32/31 404 39 - 2.587 ms"}
{"level":"info","message":"GET /TM/ne-test/4/0/0/32/31 404 39 - 20.136 ms"}
{"level":"info","message":"GET /TM/ne-test/4/0/0/32/31 404 39 - 4.108 ms"}
